{"total": {"lines":{"total":164,"covered":163,"skipped":0,"pct":99.39},"statements":{"total":164,"covered":163,"skipped":0,"pct":99.39},"functions":{"total":9,"covered":9,"skipped":0,"pct":100},"branches":{"total":56,"covered":53,"skipped":0,"pct":94.64},"branchesTrue":{"total":0,"covered":0,"skipped":0,"pct":100}}
,"/home/marv/frontend-project-46/src/buildDiff.js": {"lines":{"total":43,"covered":43,"skipped":0,"pct":100},"functions":{"total":1,"covered":1,"skipped":0,"pct":100},"statements":{"total":43,"covered":43,"skipped":0,"pct":100},"branches":{"total":11,"covered":11,"skipped":0,"pct":100}}
,"/home/marv/frontend-project-46/src/index.js": {"lines":{"total":11,"covered":11,"skipped":0,"pct":100},"functions":{"total":1,"covered":1,"skipped":0,"pct":100},"statements":{"total":11,"covered":11,"skipped":0,"pct":100},"branches":{"total":1,"covered":1,"skipped":0,"pct":100}}
,"/home/marv/frontend-project-46/src/parser.js": {"lines":{"total":17,"covered":17,"skipped":0,"pct":100},"functions":{"total":1,"covered":1,"skipped":0,"pct":100},"statements":{"total":17,"covered":17,"skipped":0,"pct":100},"branches":{"total":5,"covered":4,"skipped":0,"pct":80}}
,"/home/marv/frontend-project-46/src/formatters/index.js": {"lines":{"total":15,"covered":15,"skipped":0,"pct":100},"functions":{"total":1,"covered":1,"skipped":0,"pct":100},"statements":{"total":15,"covered":15,"skipped":0,"pct":100},"branches":{"total":3,"covered":3,"skipped":0,"pct":100}}
,"/home/marv/frontend-project-46/src/formatters/json.js": {"lines":{"total":4,"covered":4,"skipped":0,"pct":100},"functions":{"total":1,"covered":1,"skipped":0,"pct":100},"statements":{"total":4,"covered":4,"skipped":0,"pct":100},"branches":{"total":1,"covered":1,"skipped":0,"pct":100}}
,"/home/marv/frontend-project-46/src/formatters/plain.js": {"lines":{"total":34,"covered":34,"skipped":0,"pct":100},"functions":{"total":2,"covered":2,"skipped":0,"pct":100},"statements":{"total":34,"covered":34,"skipped":0,"pct":100},"branches":{"total":18,"covered":17,"skipped":0,"pct":94.44}}
,"/home/marv/frontend-project-46/src/formatters/stylish.js": {"lines":{"total":40,"covered":39,"skipped":0,"pct":97.5},"functions":{"total":2,"covered":2,"skipped":0,"pct":100},"statements":{"total":40,"covered":39,"skipped":0,"pct":97.5},"branches":{"total":17,"covered":16,"skipped":0,"pct":94.11}}
}
