TN:
SF:src/buildDiff.js
FN:3,buildDiff
FNF:1
FNH:1
FNDA:50,buildDiff
DA:1,1
DA:3,1
DA:4,50
DA:6,50
DA:7,187
DA:8,187
DA:10,187
DA:11,28
DA:12,28
DA:13,28
DA:14,28
DA:15,28
DA:16,28
DA:18,187
DA:19,47
DA:20,47
DA:21,47
DA:22,47
DA:23,47
DA:24,47
DA:26,187
DA:27,39
DA:28,39
DA:29,39
DA:30,39
DA:31,39
DA:32,39
DA:34,187
DA:35,44
DA:36,44
DA:37,44
DA:38,44
DA:39,44
DA:40,44
DA:41,44
DA:43,29
DA:44,29
DA:45,29
DA:46,29
DA:47,29
DA:48,50
DA:49,50
DA:51,1
LF:43
LH:43
BRDA:3,0,0,50
BRDA:6,1,0,187
BRDA:10,2,0,28
BRDA:16,3,0,159
BRDA:18,4,0,47
BRDA:24,5,0,112
BRDA:26,6,0,48
BRDA:26,7,0,39
BRDA:32,8,0,73
BRDA:34,9,0,44
BRDA:41,10,0,29
BRF:11
BRH:11
end_of_record
TN:
SF:src/index.js
FN:5,genDiff
FNF:1
FNH:1
FNDA:11,genDiff
DA:1,1
DA:2,1
DA:3,1
DA:5,1
DA:6,11
DA:7,11
DA:8,11
DA:10,11
DA:11,11
DA:12,11
DA:14,1
LF:11
LH:11
BRDA:5,0,0,11
BRF:1
BRH:1
end_of_record
TN:
SF:src/parser.js
FN:5,parseFile
FNF:1
FNH:1
FNDA:25,parseFile
DA:1,1
DA:2,1
DA:3,1
DA:5,1
DA:6,25
DA:7,25
DA:8,25
DA:10,25
DA:11,25
DA:12,17
DA:13,25
DA:14,25
DA:15,7
DA:16,25
DA:17,1
DA:18,25
DA:19,25
LF:17
LH:17
BRDA:5,0,0,25
BRDA:11,1,0,17
BRDA:13,2,0,0
BRDA:14,3,0,7
BRDA:16,4,0,1
BRF:5
BRH:4
end_of_record
TN:
SF:src/formatters/index.js
FN:11,__vite_ssr_exports__.default
FNF:1
FNH:1
FNDA:11,__vite_ssr_exports__.default
DA:1,1
DA:2,1
DA:3,1
DA:5,1
DA:6,1
DA:7,1
DA:8,1
DA:9,1
DA:11,1
DA:12,11
DA:13,11
DA:14,1
DA:15,1
DA:16,10
DA:17,10
LF:15
LH:15
BRDA:11,0,0,11
BRDA:13,1,0,1
BRDA:15,2,0,10
BRF:3
BRH:3
end_of_record
TN:
SF:src/formatters/json.js
FN:1,formatJson
FNF:1
FNH:1
FNDA:3,formatJson
DA:1,1
DA:2,3
DA:3,3
DA:5,1
LF:4
LH:4
BRDA:1,0,0,3
BRF:1
BRH:1
end_of_record
TN:
SF:src/formatters/plain.js
FN:3,stringify
FN:19,formatPlain
FNF:2
FNH:2
FNDA:33,stringify
FNDA:12,formatPlain
DA:1,1
DA:3,1
DA:4,33
DA:5,7
DA:6,7
DA:8,33
DA:9,15
DA:10,15
DA:12,33
DA:13,3
DA:14,3
DA:16,8
DA:17,8
DA:19,1
DA:20,12
DA:21,45
DA:23,45
DA:24,45
DA:25,11
DA:27,45
DA:28,7
DA:30,45
DA:31,11
DA:33,45
DA:34,9
DA:36,45
DA:37,7
DA:39,45
DA:40,45
DA:41,45
DA:42,12
DA:44,12
DA:45,12
DA:47,1
LF:34
LH:34
BRDA:3,0,0,33
BRDA:4,1,0,26
BRDA:4,2,0,7
BRDA:6,3,0,26
BRDA:8,4,0,15
BRDA:10,5,0,11
BRDA:12,6,0,3
BRDA:14,7,0,8
BRDA:19,8,0,12
BRDA:20,9,0,45
BRDA:21,10,0,30
BRDA:21,11,0,15
BRDA:24,12,0,11
BRDA:27,13,0,7
BRDA:30,14,0,11
BRDA:33,15,0,9
BRDA:36,16,0,7
BRDA:39,17,0,0
BRF:18
BRH:17
end_of_record
TN:
SF:src/formatters/stylish.js
FN:3,stringify
FN:20,formatStylish
FNF:2
FNH:2
FNDA:122,stringify
FNDA:21,formatStylish
DA:1,1
DA:3,1
DA:4,122
DA:5,122
DA:7,122
DA:8,90
DA:9,90
DA:10,81
DA:11,81
DA:13,32
DA:14,43
DA:15,32
DA:17,32
DA:18,32
DA:20,1
DA:21,21
DA:22,21
DA:24,21
DA:25,78
DA:27,78
DA:28,78
DA:29,20
DA:30,78
DA:31,11
DA:32,78
DA:33,12
DA:34,78
DA:35,18
DA:36,18
DA:37,18
DA:38,18
DA:39,78
DA:40,17
DA:41,78
DA:42,0
DA:43,78
DA:44,21
DA:46,21
DA:47,21
DA:49,1
LF:40
LH:39
BRDA:3,0,0,122
BRDA:7,1,0,32
BRDA:7,2,0,90
BRDA:8,3,0,1
BRDA:8,4,0,89
BRDA:9,5,0,8
BRDA:9,6,0,81
BRDA:11,7,0,32
BRDA:13,8,0,43
BRDA:20,9,0,21
BRDA:24,10,0,78
BRDA:28,11,0,20
BRDA:30,12,0,11
BRDA:32,13,0,12
BRDA:34,14,0,18
BRDA:39,15,0,17
BRDA:41,16,0,0
BRF:17
BRH:16
end_of_record
